mobile_application/build/app/outputs/mapping/release/usage.txt
com.example.sarthak.iot_auto_irrigation.R$styleable
com.example.sarthak.iot_auto_irrigation.R$layout
com.example.sarthak.iot_auto_irrigation.R$mipmap
com.example.sarthak.iot_auto_irrigation.R$id
com.example.sarthak.iot_auto_irrigation.R$dimen
com.example.sarthak.iot_auto_irrigation.R$integer
com.example.sarthak.iot_auto_irrigation.R$color
com.example.sarthak.iot_auto_irrigation.R$attr
com.example.sarthak.iot_auto_irrigation.R
com.example.sarthak.iot_auto_irrigation.R$drawable
com.example.sarthak.iot_auto_irrigation.R$style
com.example.sarthak.iot_auto_irrigation.BuildConfig
com.example.sarthak.iot_auto_irrigation.R$string
...
androidx.core.app.NotificationCompatExtras
kotlin.collections.CollectionsKt__IterablesKt$Iterable$1
androidx.core.app.ActivityCompat$RequestPermissionsRequestCodeValidator
androidx.lifecycle.ViewModelProvider$Factory
androidx.core.R$attr
androidx.annotation.ColorRes
androidx.core.content.res.GrowingArrayUtils
kotlin.contracts.InvocationKind
kotlin.jvm.internal.ArrayIterator
io.flutter.embedding.engine.FlutterEngineConnectionRegistry$FlutterEngineActivityPluginBinding:
    public android.app.Activity getActivity()
    public java.lang.Object getLifecycle()
    public void addRequestPermissionsResultListener(io.flutter.plugin.common.PluginRegistry$RequestPermissionsResultListener)
    public void removeRequestPermissionsResultListener(io.flutter.plugin.common.PluginRegistry$RequestPermissionsResultListener)
    public void addActivityResultListener(io.flutter.plugin.common.PluginRegistry$ActivityResultListener)
    public void removeActivityResultListener(io.flutter.plugin.common.PluginRegistry$ActivityResultListener)
    public void addOnNewIntentListener(io.flutter.plugin.common.PluginRegistry$NewIntentListener)
    public void removeOnNewIntentListener(io.flutter.plugin.common.PluginRegistry$NewIntentListener)
    public void addOnUserLeaveHintListener(io.flutter.plugin.common.PluginRegistry$UserLeaveHintListener)
    public void removeOnUserLeaveHintListener(io.flutter.plugin.common.PluginRegistry$UserLeaveHintListener)
    public void addOnSaveStateListener(io.flutter.embedding.engine.plugins.activity.ActivityPluginBinding$OnSaveInstanceStateListener)
    public void removeOnSaveStateListener(io.flutter.embedding.engine.plugins.activity.ActivityPluginBinding$OnSaveInstanceStateListener)
kotlin.io.CloseableKt
androidx.annotation.IdRes
kotlin.jvm.functions.Function10
androidx.customview.widget.FocusStrategy$SequentialComparator
io.flutter.view.FlutterView$3
androidx.core.view.accessibility.AccessibilityNodeProviderCompat$AccessibilityNodeProviderApi19
kotlin.time.MeasureTimeKt
kotlin.collections.CollectionsKt___CollectionsKt$elementAt$1
androidx.viewpager.widget.PagerAdapter
androidx.core.view.ViewCompat$5
kotlin.collections.ArrayAsCollection
androidx.core.text.ICUCompat
androidx.fragment.app.FragmentManagerImpl$3$1
androidx.core.os.ParcelableCompatCreatorCallbacks
kotlin.properties.Delegates$vetoable$1
androidx.core.provider.FontsContractCompat$1
androidx.core.util.Pair
io.flutter.view.FlutterView$ZeroSides
androidx.collection.CircularIntArray
kotlin.collections.AbstractSet$Companion
kotlin.internal.Exact
kotlin.jvm.internal.TypeIntrinsics
io.flutter.embedding.engine.loader.FlutterApplicationInfo:
    private static final java.lang.String DEFAULT_AOT_SHARED_LIBRARY_NAME
    private static final java.lang.String DEFAULT_VM_SNAPSHOT_DATA
    private static final java.lang.String DEFAULT_ISOLATE_SNAPSHOT_DATA
    private static final java.lang.String DEFAULT_FLUTTER_ASSETS_DIR
kotlin.coroutines.intrinsics.IntrinsicsKt
androidx.core.content.res.FontResourcesParserCompat$FontFamilyFilesResourceEntry
androidx.versionedparcelable.VersionedParcelStream$1
androidx.loader.content.AsyncTaskLoader$LoadTask
kotlin.collections.TypeAliasesKt
androidx.core.os.LocaleListCompatWrapper
androidx.fragment.app.Fragment$1
androidx.core.content.pm.ShortcutInfoCompat$Builder
kotlin.io.FileTreeWalk
kotlin.collections.ArraysKt___ArraysKt$asIterable$$inlined$Iterable$1
kotlin.coroutines.intrinsics.IntrinsicsKt__IntrinsicsKt
kotlin.collections.ULongIterator
androidx.fragment.app.FragmentManager
androidx.core.provider.FontsContractCompat$Columns
io.flutter.embedding.engine.FlutterEngineGroup
androidx.core.widget.ListPopupWindowCompat
androidx.loader.content.Loader
androidx.core.app.AlarmManagerCompat
androidx.core.graphics.drawable.WrappedDrawableApi14
kotlin.collections.AbstractList$Companion
androidx.lifecycle.ComputableLiveData$3
kotlin.collections.CollectionsKt__MutableCollectionsKt
androidx.core.graphics.drawable.WrappedDrawable